<?xml version="1.0" encoding="UTF-8"?>
<testsuite xmlns:xsi="http://www.w3.org/2001/XMLSchema-instance" xsi:noNamespaceSchemaLocation="https://maven.apache.org/surefire/maven-surefire-plugin/xsd/surefire-test-report-3.0.xsd" version="3.0" name="acmecollege.TestCRUDStudentClub" time="0.197" tests="8" errors="0" skipped="0" failures="0">
  <properties>
[...]
</properties>
  <testcase name="test01_GET_all_student_clubs_with_ADMINrole" classname="acmecollege.TestCRUDStudentClub" time="0.02">
    <system-out><![CDATA[     acmecollege.TestCRUDStudentClub | oneTimeSetUp]]></system-out>
  </testcase>
  <testcase name="test02_GET_a_student_club_with_ADMINrole" classname="acmecollege.TestCRUDStudentClub" time="0.033"/>
  <testcase name="test03_GET_a_student_club_with_USERrole" classname="acmecollege.TestCRUDStudentClub" time="0.02"/>
  <testcase name="test05_POST_new_studentclub_with_ADMINrole" classname="acmecollege.TestCRUDStudentClub" time="0.021"/>
  <testcase name="test06_POST_new_studentclub_with_USERrole" classname="acmecollege.TestCRUDStudentClub" time="0.018"/>
  <testcase name="test07_Update_studentClub_with_ADMINrole" classname="acmecollege.TestCRUDStudentClub" time="0.031"/>
  <testcase name="test08_DELETE_studentclub_with_ADMINrole" classname="acmecollege.TestCRUDStudentClub" time="0.031"/>
  <testcase name="test09_DELETE_studentclub_with_USERrole" classname="acmecollege.TestCRUDStudentClub" time="0.02"/>
</testsuite>